2021-03-15 22:42:21,484 INFO [main][SpringApplication.java:675] - No active profile set, falling back to default profiles: default
2021-03-15 22:42:22,008 WARN [main][EndpointId.java:135] - Endpoint ID 'service-registry' contains invalid characters, please migrate to a valid format.
2021-03-15 22:42:22,294 INFO [main][GenericScope.java:294] - BeanFactory id=ce0ae3d0-3d18-3be0-bce5-5462ef49e4ca
2021-03-15 22:42:22,358 INFO [main][PostProcessorRegistrationDelegate.java:330] - Bean 'org.springframework.cloud.autoconfigure.ConfigurationPropertiesRebinderAutoConfiguration' of type [org.springframework.cloud.autoconfigure.ConfigurationPropertiesRebinderAutoConfiguration$$EnhancerBySpringCGLIB$$ff2698b2] is not eligible for getting processed by all BeanPostProcessors (for example: not eligible for auto-proxying)
2021-03-15 22:42:22,984 INFO [main][TomcatWebServer.java:90] - Tomcat initialized with port(s): 56080 (http)
2021-03-15 22:42:22,994 INFO [main][DirectJDKLog.java:173] - Initializing ProtocolHandler ["http-nio-56080"]
2021-03-15 22:42:23,001 INFO [main][DirectJDKLog.java:173] - Starting service [Tomcat]
2021-03-15 22:42:23,001 INFO [main][DirectJDKLog.java:173] - Starting Servlet engine: [Apache Tomcat/9.0.16]
2021-03-15 22:42:23,008 INFO [main][DirectJDKLog.java:173] - The APR based Apache Tomcat Native library which allows optimal performance in production environments was not found on the java.library.path: [C:\work\jdk1.8.0_162\bin;C:\WINDOWS\Sun\Java\bin;C:\WINDOWS\system32;C:\WINDOWS;C:\work\apache-maven-3.6.3\bin;C:\work\jdk1.8.0_162\bin;C:\work\jdk1.8.0_162\jre\bin;C:\WINDOWS\system32;C:\WINDOWS;C:\WINDOWS\System32\Wbem;C:\WINDOWS\System32\WindowsPowerShell\v1.0\;C:\WINDOWS\System32\OpenSSH\;C:\work\Git\cmd;C:\Program Files\NVIDIA Corporation\NVIDIA NvDLISR;C:\Program Files (x86)\NVIDIA Corporation\PhysX\Common;C:\WINDOWS\system32;C:\WINDOWS;C:\WINDOWS\System32\Wbem;C:\WINDOWS\System32\WindowsPowerShell\v1.0\;C:\WINDOWS\System32\OpenSSH\;D:\mysql\bin;C:\Program Files\dotnet\;C:\Program Files (x86)\dotnet\;C:\Program Files\nodejs\;C:\Users\Marx\AppData\Local\Programs\Python\Python38\Scripts\;C:\Users\Marx\AppData\Local\Programs\Python\Python38\;C:\Users\Marx\AppData\Local\Microsoft\WindowsApps;C:\Users\Marx\AppData\Local\BypassRuntm;C:\Users\Marx\AppData\Local\Microsoft\WindowsApps;;D:\Microsoft VS Code\bin;C:\Users\Marx\AppData\Roaming\npm;.]
2021-03-15 22:42:23,124 INFO [main][DirectJDKLog.java:173] - Initializing Spring embedded WebApplicationContext
2021-03-15 22:42:23,124 INFO [main][ServletWebServerApplicationContext.java:296] - Root WebApplicationContext: initialization completed in 1631 ms
2021-03-15 22:42:23,195 WARN [main][URLConfigurationSource.java:121] - No URLs will be polled as dynamic configuration sources.
2021-03-15 22:42:23,195 INFO [main][URLConfigurationSource.java:122] - To enable URLs as dynamic configuration sources, define System property archaius.configurationSource.additionalUrls or make config.properties available on classpath.
2021-03-15 22:42:23,209 INFO [main][DynamicPropertyFactory.java:281] - DynamicPropertyFactory is initialized with configuration sources: com.netflix.config.ConcurrentCompositeConfiguration@15f35bc3
2021-03-15 22:42:24,484 INFO [main][WebApplicationImpl.java:815] - Initiating Jersey application, version 'Jersey: 1.19.1 03/11/2016 02:08 PM'
2021-03-15 22:42:24,526 INFO [main][DiscoveryJerseyProvider.java:70] - Using JSON encoding codec LegacyJacksonJson
2021-03-15 22:42:24,526 INFO [main][DiscoveryJerseyProvider.java:71] - Using JSON decoding codec LegacyJacksonJson
2021-03-15 22:42:24,607 INFO [main][DiscoveryJerseyProvider.java:80] - Using XML encoding codec XStreamXml
2021-03-15 22:42:24,607 INFO [main][DiscoveryJerseyProvider.java:81] - Using XML decoding codec XStreamXml
2021-03-15 22:42:24,790 WARN [main][URLConfigurationSource.java:121] - No URLs will be polled as dynamic configuration sources.
2021-03-15 22:42:24,790 INFO [main][URLConfigurationSource.java:122] - To enable URLs as dynamic configuration sources, define System property archaius.configurationSource.additionalUrls or make config.properties available on classpath.
2021-03-15 22:42:24,900 INFO [main][ExecutorConfigurationSupport.java:171] - Initializing ExecutorService 'applicationTaskExecutor'
2021-03-15 22:42:26,797 INFO [main][InstanceInfoFactory.java:71] - Setting initial instance status as: STARTING
2021-03-15 22:42:26,839 INFO [main][DiscoveryClient.java:349] - Initializing Eureka in region us-east-1
2021-03-15 22:42:26,840 INFO [main][DiscoveryClient.java:352] - Client configured to neither register nor query for data.
2021-03-15 22:42:26,852 INFO [main][DiscoveryClient.java:365] - Discovery Client initialized at timestamp 1615819346851 with initial instances count: 0
2021-03-15 22:42:26,984 INFO [main][DefaultEurekaServerContext.java:63] - Initializing ...
2021-03-15 22:42:26,988 INFO [main][PeerEurekaNodes.java:188] - Adding new peer nodes [http://localhost:56080/eureka/]
2021-03-15 22:42:27,841 INFO [main][DiscoveryJerseyProvider.java:70] - Using JSON encoding codec LegacyJacksonJson
2021-03-15 22:42:27,841 INFO [main][DiscoveryJerseyProvider.java:71] - Using JSON decoding codec LegacyJacksonJson
2021-03-15 22:42:27,841 INFO [main][DiscoveryJerseyProvider.java:80] - Using XML encoding codec XStreamXml
2021-03-15 22:42:27,842 INFO [main][DiscoveryJerseyProvider.java:81] - Using XML decoding codec XStreamXml
2021-03-15 22:42:27,904 INFO [main][PeerEurekaNodes.java:110] - Replica node URL:  http://localhost:56080/eureka/
2021-03-15 22:42:27,910 INFO [main][AbstractInstanceRegistry.java:151] - Finished initializing remote region registries. All known remote regions: []
2021-03-15 22:42:27,911 INFO [main][DefaultEurekaServerContext.java:70] - Initialized
2021-03-15 22:42:27,919 INFO [main][EndpointLinksResolver.java:59] - Exposing 2 endpoint(s) beneath base path '/actuator'
2021-03-15 22:42:27,972 INFO [main][EurekaServiceRegistry.java:42] - Registering application SEATA-DEMO-DISCOVERY with eureka with status UP
2021-03-15 22:42:27,976 INFO [Thread-13][EurekaServerBootstrap.java:109] - Setting the eureka configuration..
2021-03-15 22:42:27,976 INFO [Thread-13][EurekaServerBootstrap.java:114] - Eureka data center value eureka.datacenter is not set, defaulting to default
2021-03-15 22:42:27,977 INFO [Thread-13][EurekaServerBootstrap.java:128] - Eureka environment value eureka.environment is not set, defaulting to test
2021-03-15 22:42:27,984 INFO [main][DirectJDKLog.java:173] - Starting ProtocolHandler ["http-nio-56080"]
2021-03-15 22:42:28,003 INFO [Thread-13][EurekaServerBootstrap.java:184] - isAws returned false
2021-03-15 22:42:28,003 INFO [Thread-13][EurekaServerBootstrap.java:152] - Initialized server context
2021-03-15 22:42:28,004 INFO [Thread-13][PeerAwareInstanceRegistryImpl.java:241] - Got 1 instances from neighboring DS node
2021-03-15 22:42:28,004 INFO [Thread-13][PeerAwareInstanceRegistryImpl.java:242] - Renew threshold is: 1
2021-03-15 22:42:28,004 INFO [Thread-13][PeerAwareInstanceRegistryImpl.java:253] - Changing status to UP
2021-03-15 22:42:28,011 INFO [Thread-13][EurekaServerInitializerConfiguration.java:72] - Started Eureka Server
2021-03-15 22:42:28,016 INFO [main][TomcatWebServer.java:204] - Tomcat started on port(s): 56080 (http) with context path ''
2021-03-15 22:42:28,017 INFO [main][EurekaAutoServiceRegistration.java:141] - Updating port to 56080
2021-03-15 22:42:28,018 INFO [main][StartupInfoLogger.java:59] - Started DiscoveryServer in 8.948 seconds (JVM running for 9.532)
2021-03-15 22:42:37,318 INFO [http-nio-56080-exec-1][DirectJDKLog.java:173] - Initializing Spring DispatcherServlet 'dispatcherServlet'
2021-03-15 22:42:37,318 INFO [http-nio-56080-exec-1][FrameworkServlet.java:524] - Initializing Servlet 'dispatcherServlet'
2021-03-15 22:42:37,326 INFO [http-nio-56080-exec-1][FrameworkServlet.java:546] - Completed initialization in 8 ms
2021-03-15 22:42:37,573 INFO [http-nio-56080-exec-10][AbstractInstanceRegistry.java:266] - Registered instance DTX-NOTIFYMSG-DEMO-PAY/DESKTOP-LDRKG1I:dtx-notifymsg-demo-pay:56082 with status UP (replication=false)
2021-03-15 22:42:38,005 INFO [Eureka-EvictionTimer][AbstractInstanceRegistry.java:1250] - Running the evict task with compensationTime 0ms
2021-03-15 22:42:38,148 INFO [http-nio-56080-exec-5][AbstractInstanceRegistry.java:266] - Registered instance DTX-NOTIFYMSG-DEMO-PAY/DESKTOP-LDRKG1I:dtx-notifymsg-demo-pay:56082 with status UP (replication=true)
2021-03-15 22:42:48,005 INFO [Eureka-EvictionTimer][AbstractInstanceRegistry.java:1250] - Running the evict task with compensationTime 0ms
2021-03-15 22:42:48,215 INFO [http-nio-56080-exec-3][AbstractInstanceRegistry.java:266] - Registered instance DTX-NOTIFYMSG-DEMO-BANK1/DESKTOP-LDRKG1I:dtx-notifymsg-demo-bank1:56081 with status UP (replication=false)
2021-03-15 22:42:48,721 INFO [http-nio-56080-exec-2][AbstractInstanceRegistry.java:266] - Registered instance DTX-NOTIFYMSG-DEMO-BANK1/DESKTOP-LDRKG1I:dtx-notifymsg-demo-bank1:56081 with status UP (replication=true)
2021-03-15 22:42:58,006 INFO [Eureka-EvictionTimer][AbstractInstanceRegistry.java:1250] - Running the evict task with compensationTime 0ms
2021-03-15 22:43:08,006 INFO [Eureka-EvictionTimer][AbstractInstanceRegistry.java:1250] - Running the evict task with compensationTime 0ms
2021-03-15 22:43:18,006 INFO [Eureka-EvictionTimer][AbstractInstanceRegistry.java:1250] - Running the evict task with compensationTime 0ms
2021-03-15 22:43:28,007 INFO [Eureka-EvictionTimer][AbstractInstanceRegistry.java:1250] - Running the evict task with compensationTime 0ms
2021-03-15 22:43:38,007 INFO [Eureka-EvictionTimer][AbstractInstanceRegistry.java:1250] - Running the evict task with compensationTime 0ms
2021-03-15 22:43:48,007 INFO [Eureka-EvictionTimer][AbstractInstanceRegistry.java:1250] - Running the evict task with compensationTime 0ms
2021-03-15 22:43:58,007 INFO [Eureka-EvictionTimer][AbstractInstanceRegistry.java:1250] - Running the evict task with compensationTime 0ms
2021-03-15 22:44:08,008 INFO [Eureka-EvictionTimer][AbstractInstanceRegistry.java:1250] - Running the evict task with compensationTime 0ms
2021-03-15 22:44:18,009 INFO [Eureka-EvictionTimer][AbstractInstanceRegistry.java:1250] - Running the evict task with compensationTime 0ms
2021-03-15 22:44:28,009 INFO [Eureka-EvictionTimer][AbstractInstanceRegistry.java:1250] - Running the evict task with compensationTime 0ms
2021-03-15 22:44:38,009 INFO [Eureka-EvictionTimer][AbstractInstanceRegistry.java:1250] - Running the evict task with compensationTime 0ms
2021-03-15 22:44:48,010 INFO [Eureka-EvictionTimer][AbstractInstanceRegistry.java:1250] - Running the evict task with compensationTime 0ms
2021-03-15 22:44:58,010 INFO [Eureka-EvictionTimer][AbstractInstanceRegistry.java:1250] - Running the evict task with compensationTime 0ms
2021-03-15 22:45:08,010 INFO [Eureka-EvictionTimer][AbstractInstanceRegistry.java:1250] - Running the evict task with compensationTime 0ms
2021-03-15 22:45:18,010 INFO [Eureka-EvictionTimer][AbstractInstanceRegistry.java:1250] - Running the evict task with compensationTime 0ms
2021-03-15 22:45:28,011 INFO [Eureka-EvictionTimer][AbstractInstanceRegistry.java:1250] - Running the evict task with compensationTime 0ms
2021-03-15 22:45:38,011 INFO [Eureka-EvictionTimer][AbstractInstanceRegistry.java:1250] - Running the evict task with compensationTime 0ms
2021-03-15 22:45:48,011 INFO [Eureka-EvictionTimer][AbstractInstanceRegistry.java:1250] - Running the evict task with compensationTime 0ms
2021-03-15 22:45:58,011 INFO [Eureka-EvictionTimer][AbstractInstanceRegistry.java:1250] - Running the evict task with compensationTime 0ms
2021-03-15 22:46:08,012 INFO [Eureka-EvictionTimer][AbstractInstanceRegistry.java:1250] - Running the evict task with compensationTime 0ms
2021-03-15 22:46:18,012 INFO [Eureka-EvictionTimer][AbstractInstanceRegistry.java:1250] - Running the evict task with compensationTime 0ms
2021-03-15 22:46:28,013 INFO [Eureka-EvictionTimer][AbstractInstanceRegistry.java:1250] - Running the evict task with compensationTime 0ms
2021-03-15 22:46:38,014 INFO [Eureka-EvictionTimer][AbstractInstanceRegistry.java:1250] - Running the evict task with compensationTime 0ms
2021-03-15 22:46:48,014 INFO [Eureka-EvictionTimer][AbstractInstanceRegistry.java:1250] - Running the evict task with compensationTime 0ms
2021-03-15 22:46:58,014 INFO [Eureka-EvictionTimer][AbstractInstanceRegistry.java:1250] - Running the evict task with compensationTime 0ms
2021-03-15 22:47:08,015 INFO [Eureka-EvictionTimer][AbstractInstanceRegistry.java:1250] - Running the evict task with compensationTime 0ms
2021-03-15 22:47:18,015 INFO [Eureka-EvictionTimer][AbstractInstanceRegistry.java:1250] - Running the evict task with compensationTime 0ms
2021-03-15 22:47:28,016 INFO [Eureka-EvictionTimer][AbstractInstanceRegistry.java:1250] - Running the evict task with compensationTime 0ms
2021-03-15 22:47:28,616 INFO [http-nio-56080-exec-5][AbstractInstanceRegistry.java:266] - Registered instance DTX-NOTIFYMSG-DEMO-PAY/DESKTOP-LDRKG1I:dtx-notifymsg-demo-pay:56082 with status DOWN (replication=false)
2021-03-15 22:47:28,643 INFO [http-nio-56080-exec-10][AbstractInstanceRegistry.java:266] - Registered instance DTX-NOTIFYMSG-DEMO-BANK1/DESKTOP-LDRKG1I:dtx-notifymsg-demo-bank1:56081 with status DOWN (replication=false)
